Arguments: 
  /Users/mike/.nvm/versions/node/v16.13.2/bin/node /Users/mike/.yarn/bin/yarn.js init

PATH: 
  /Users/mike/.yarn/bin:/Users/mike/.config/yarn/global/node_modules/.bin:/Users/mike/.bin:/usr/local/sbin:/Users/mike/.nvm/versions/node/v16.13.2/bin:/Users/mike/.zplug/bin:/usr/local/bin:/usr/bin:/bin:/usr/sbin:/sbin:/usr/local/MacGPG2/bin:/Library/Apple/usr/bin:/Users/mike/Library/Android/sdk/build-tools:/Users/mike/Library/Android/sdk/platform-tools:/Users/mike/Library/Android/sdk/tools:/Users/mike/Library/Android/sdk/tools/bin:/Users/mike/Library/Android/sdk:/emulator

Yarn version: 
  1.22.17

Node version: 
  16.13.2

Platform: 
  darwin x64

Trace: 
  Error: canceled
      at Interface.<anonymous> (/Users/mike/.yarn/lib/cli.js:137143:13)
      at Interface.emit (node:events:390:28)
      at Interface._ttyWrite (node:readline:1081:16)
      at ReadStream.onkeypress (node:readline:288:10)
      at ReadStream.emit (node:events:390:28)
      at emitKeys (node:internal/readline/utils:358:14)
      at emitKeys.next (<anonymous>)
      at ReadStream.onData (node:internal/readline/emitKeypressEvents:61:36)
      at ReadStream.emit (node:events:390:28)
      at addChunk (node:internal/streams/readable:315:12)

npm manifest: 
  No manifest

yarn manifest: 
  No manifest

Lockfile: 
  No lockfile
